<?xml version="1.0" encoding="UTF-8" ?>
<testsuite 
errors="0" failures="0" hostname="EPUALVIW0609" name="org.scalatest.tools.DiscoverySuite" tests="0" time="0.032" timestamp="2022-01-11T00:08:03">
  <properties>
    <property name="java.runtime.name" value="OpenJDK Runtime Environment"/>
    <property name="java.vm.version" value="15.0.2+7"/>
    <property 
    name="sun.boot.library.path" value="/Users/artur/Library/Java/JavaVirtualMachines/corretto-15.0.2/Contents/Home/lib">
</property>
    <property name="java.vm.vendor" value="Amazon.com Inc."/>
    <property name="java.vendor.url" value="https://aws.amazon.com/corretto/"/>
    <property name="path.separator" value=":"/>
    <property name="java.vm.name" value="OpenJDK 64-Bit Server VM"/>
    <property name="user.country" value="UA"/>
    <property name="sun.java.launcher" value="SUN_STANDARD"/>
    <property 
    name="java.vm.specification.name" value="Java Virtual Machine Specification">
</property>
    <property 
    name="user.dir" value="/Users/artur/IdeaProjects/m06_sparkbasics_jvm_azure">
</property>
    <property name="java.vm.compressedOopsMode" value="Zero based"/>
    <property name="java.runtime.version" value="15.0.2+7"/>
    <property 
    name="basedir" value="/Users/artur/IdeaProjects/m06_sparkbasics_jvm_azure">
</property>
    <property name="os.arch" value="x86_64"/>
    <property 
    name="java.io.tmpdir" value="/var/folders/zl/hdfl3ly12_lgg2yp8r2bhn3c0000gn/T/">
</property>
    <property name="line.separator" value=" "/>
    <property name="java.vm.specification.vendor" value="Oracle Corporation"/>
    <property name="os.name" value="Mac OS X"/>
    <property name="sun.jnu.encoding" value="UTF-8"/>
    <property 
    name="java.library.path" value="/Users/artur/Library/Java/Extensions:/Library/Java/Extensions:/Network/Library/Java/Extensions:/System/Library/Java/Extensions:/usr/lib/java:.">
</property>
    <property name="jdk.debug" value="release"/>
    <property name="java.class.version" value="59.0"/>
    <property 
    name="java.specification.name" value="Java Platform API Specification">
</property>
    <property 
    name="sun.management.compiler" value="HotSpot 64-Bit Tiered Compilers">
</property>
    <property name="os.version" value="12.0.1"/>
    <property name="user.home" value="/Users/artur"/>
    <property name="file.encoding" value="UTF-8"/>
    <property name="java.specification.version" value="15"/>
    <property name="user.name" value="artur"/>
    <property 
    name="java.class.path" value="/Users/artur/IdeaProjects/m06_sparkbasics_jvm_azure/target/test-classes:/Users/artur/IdeaProjects/m06_sparkbasics_jvm_azure/target/classes:/Users/artur/.m2/repository/org/scala-lang/scala-library/2.13.6/scala-library-2.13.6.jar:/Users/artur/.m2/repository/org/jetbrains/kotlin/kotlin-stdlib/1.5.10/kotlin-stdlib-1.5.10.jar:/Users/artur/.m2/repository/org/jetbrains/annotations/13.0/annotations-13.0.jar:/Users/artur/.m2/repository/org/jetbrains/kotlin/kotlin-stdlib-common/1.5.10/kotlin-stdlib-common-1.5.10.jar:/Users/artur/.m2/repository/org/apache/spark/spark-core_2.13/3.2.0/spark-core_2.13-3.2.0.jar:/Users/artur/.m2/repository/org/scala-lang/modules/scala-parallel-collections_2.13/1.0.3/scala-parallel-collections_2.13-1.0.3.jar:/Users/artur/.m2/repository/org/apache/avro/avro/1.10.2/avro-1.10.2.jar:/Users/artur/.m2/repository/org/apache/commons/commons-compress/1.20/commons-compress-1.20.jar:/Users/artur/.m2/repository/org/apache/avro/avro-mapred/1.10.2/avro-mapred-1.10.2.jar:/Users/artur/.m2/repository/org/apache/avro/avro-ipc/1.10.2/avro-ipc-1.10.2.jar:/Users/artur/.m2/repository/org/tukaani/xz/1.8/xz-1.8.jar:/Users/artur/.m2/repository/com/twitter/chill_2.13/0.10.0/chill_2.13-0.10.0.jar:/Users/artur/.m2/repository/com/esotericsoftware/kryo-shaded/4.0.2/kryo-shaded-4.0.2.jar:/Users/artur/.m2/repository/com/esotericsoftware/minlog/1.3.0/minlog-1.3.0.jar:/Users/artur/.m2/repository/com/twitter/chill-java/0.10.0/chill-java-0.10.0.jar:/Users/artur/.m2/repository/org/apache/xbean/xbean-asm9-shaded/4.20/xbean-asm9-shaded-4.20.jar:/Users/artur/.m2/repository/org/apache/hadoop/hadoop-client-api/3.3.1/hadoop-client-api-3.3.1.jar:/Users/artur/.m2/repository/org/apache/hadoop/hadoop-client-runtime/3.3.1/hadoop-client-runtime-3.3.1.jar:/Users/artur/.m2/repository/org/apache/htrace/htrace-core4/4.1.0-incubating/htrace-core4-4.1.0-incubating.jar:/Users/artur/.m2/repository/commons-logging/commons-logging/1.1.3/commons-logging-1.1.3.jar:/Users/artur/.m2/repository/org/apache/spark/spark-launcher_2.13/3.2.0/spark-launcher_2.13-3.2.0.jar:/Users/artur/.m2/repository/org/apache/spark/spark-kvstore_2.13/3.2.0/spark-kvstore_2.13-3.2.0.jar:/Users/artur/.m2/repository/org/fusesource/leveldbjni/leveldbjni-all/1.8/leveldbjni-all-1.8.jar:/Users/artur/.m2/repository/org/apache/spark/spark-network-common_2.13/3.2.0/spark-network-common_2.13-3.2.0.jar:/Users/artur/.m2/repository/com/google/crypto/tink/tink/1.6.0/tink-1.6.0.jar:/Users/artur/.m2/repository/org/apache/spark/spark-network-shuffle_2.13/3.2.0/spark-network-shuffle_2.13-3.2.0.jar:/Users/artur/.m2/repository/org/apache/spark/spark-unsafe_2.13/3.2.0/spark-unsafe_2.13-3.2.0.jar:/Users/artur/.m2/repository/javax/activation/activation/1.1.1/activation-1.1.1.jar:/Users/artur/.m2/repository/org/apache/curator/curator-recipes/2.13.0/curator-recipes-2.13.0.jar:/Users/artur/.m2/repository/org/apache/curator/curator-framework/2.13.0/curator-framework-2.13.0.jar:/Users/artur/.m2/repository/org/apache/zookeeper/zookeeper/3.6.2/zookeeper-3.6.2.jar:/Users/artur/.m2/repository/commons-lang/commons-lang/2.6/commons-lang-2.6.jar:/Users/artur/.m2/repository/org/apache/zookeeper/zookeeper-jute/3.6.2/zookeeper-jute-3.6.2.jar:/Users/artur/.m2/repository/org/apache/yetus/audience-annotations/0.5.0/audience-annotations-0.5.0.jar:/Users/artur/.m2/repository/jakarta/servlet/jakarta.servlet-api/4.0.3/jakarta.servlet-api-4.0.3.jar:/Users/artur/.m2/repository/commons-codec/commons-codec/1.15/commons-codec-1.15.jar:/Users/artur/.m2/repository/org/apache/commons/commons-lang3/3.12.0/commons-lang3-3.12.0.jar:/Users/artur/.m2/repository/org/apache/commons/commons-math3/3.4.1/commons-math3-3.4.1.jar:/Users/artur/.m2/repository/org/apache/commons/commons-text/1.6/commons-text-1.6.jar:/Users/artur/.m2/repository/commons-io/commons-io/2.8.0/commons-io-2.8.0.jar:/Users/artur/.m2/repository/commons-collections/commons-collections/3.2.2/commons-collections-3.2.2.jar:/Users/artur/.m2/repository/com/google/code/findbugs/jsr305/3.0.0/jsr305-3.0.0.jar:/Users/artur/.m2/repository/org/slf4j/slf4j-api/1.7.30/slf4j-api-1.7.30.jar:/Users/artur/.m2/repository/org/slf4j/jul-to-slf4j/1.7.30/jul-to-slf4j-1.7.30.jar:/Users/artur/.m2/repository/org/slf4j/jcl-over-slf4j/1.7.30/jcl-over-slf4j-1.7.30.jar:/Users/artur/.m2/repository/log4j/log4j/1.2.17/log4j-1.2.17.jar:/Users/artur/.m2/repository/org/slf4j/slf4j-log4j12/1.7.30/slf4j-log4j12-1.7.30.jar:/Users/artur/.m2/repository/com/ning/compress-lzf/1.0.3/compress-lzf-1.0.3.jar:/Users/artur/.m2/repository/org/xerial/snappy/snappy-java/1.1.8.4/snappy-java-1.1.8.4.jar:/Users/artur/.m2/repository/org/lz4/lz4-java/1.7.1/lz4-java-1.7.1.jar:/Users/artur/.m2/repository/com/github/luben/zstd-jni/1.5.0-4/zstd-jni-1.5.0-4.jar:/Users/artur/.m2/repository/org/roaringbitmap/RoaringBitmap/0.9.0/RoaringBitmap-0.9.0.jar:/Users/artur/.m2/repository/org/roaringbitmap/shims/0.9.0/shims-0.9.0.jar:/Users/artur/.m2/repository/commons-net/commons-net/3.1/commons-net-3.1.jar:/Users/artur/.m2/repository/org/scala-lang/modules/scala-xml_2.13/1.2.0/scala-xml_2.13-1.2.0.jar:/Users/artur/.m2/repository/org/scala-lang/scala-reflect/2.13.5/scala-reflect-2.13.5.jar:/Users/artur/.m2/repository/org/json4s/json4s-jackson_2.13/3.7.0-M11/json4s-jackson_2.13-3.7.0-M11.jar:/Users/artur/.m2/repository/org/json4s/json4s-core_2.13/3.7.0-M11/json4s-core_2.13-3.7.0-M11.jar:/Users/artur/.m2/repository/org/json4s/json4s-ast_2.13/3.7.0-M11/json4s-ast_2.13-3.7.0-M11.jar:/Users/artur/.m2/repository/org/json4s/json4s-scalap_2.13/3.7.0-M11/json4s-scalap_2.13-3.7.0-M11.jar:/Users/artur/.m2/repository/org/glassfish/jersey/core/jersey-client/2.34/jersey-client-2.34.jar:/Users/artur/.m2/repository/jakarta/ws/rs/jakarta.ws.rs-api/2.1.6/jakarta.ws.rs-api-2.1.6.jar:/Users/artur/.m2/repository/org/glassfish/hk2/external/jakarta.inject/2.6.1/jakarta.inject-2.6.1.jar:/Users/artur/.m2/repository/org/glassfish/jersey/core/jersey-common/2.34/jersey-common-2.34.jar:/Users/artur/.m2/repository/jakarta/annotation/jakarta.annotation-api/1.3.5/jakarta.annotation-api-1.3.5.jar:/Users/artur/.m2/repository/org/glassfish/hk2/osgi-resource-locator/1.0.3/osgi-resource-locator-1.0.3.jar:/Users/artur/.m2/repository/org/glassfish/jersey/core/jersey-server/2.34/jersey-server-2.34.jar:/Users/artur/.m2/repository/jakarta/validation/jakarta.validation-api/2.0.2/jakarta.validation-api-2.0.2.jar:/Users/artur/.m2/repository/org/glassfish/jersey/containers/jersey-container-servlet/2.34/jersey-container-servlet-2.34.jar:/Users/artur/.m2/repository/org/glassfish/jersey/containers/jersey-container-servlet-core/2.34/jersey-container-servlet-core-2.34.jar:/Users/artur/.m2/repository/org/glassfish/jersey/inject/jersey-hk2/2.34/jersey-hk2-2.34.jar:/Users/artur/.m2/repository/org/glassfish/hk2/hk2-locator/2.6.1/hk2-locator-2.6.1.jar:/Users/artur/.m2/repository/org/glassfish/hk2/external/aopalliance-repackaged/2.6.1/aopalliance-repackaged-2.6.1.jar:/Users/artur/.m2/repository/org/glassfish/hk2/hk2-api/2.6.1/hk2-api-2.6.1.jar:/Users/artur/.m2/repository/org/glassfish/hk2/hk2-utils/2.6.1/hk2-utils-2.6.1.jar:/Users/artur/.m2/repository/org/javassist/javassist/3.25.0-GA/javassist-3.25.0-GA.jar:/Users/artur/.m2/repository/io/netty/netty-all/4.1.68.Final/netty-all-4.1.68.Final.jar:/Users/artur/.m2/repository/com/clearspring/analytics/stream/2.9.6/stream-2.9.6.jar:/Users/artur/.m2/repository/io/dropwizard/metrics/metrics-core/4.2.0/metrics-core-4.2.0.jar:/Users/artur/.m2/repository/io/dropwizard/metrics/metrics-jvm/4.2.0/metrics-jvm-4.2.0.jar:/Users/artur/.m2/repository/io/dropwizard/metrics/metrics-json/4.2.0/metrics-json-4.2.0.jar:/Users/artur/.m2/repository/io/dropwizard/metrics/metrics-graphite/4.2.0/metrics-graphite-4.2.0.jar:/Users/artur/.m2/repository/io/dropwizard/metrics/metrics-jmx/4.2.0/metrics-jmx-4.2.0.jar:/Users/artur/.m2/repository/com/fasterxml/jackson/module/jackson-module-scala_2.13/2.12.3/jackson-module-scala_2.13-2.12.3.jar:/Users/artur/.m2/repository/com/thoughtworks/paranamer/paranamer/2.8/paranamer-2.8.jar:/Users/artur/.m2/repository/org/apache/ivy/ivy/2.5.0/ivy-2.5.0.jar:/Users/artur/.m2/repository/oro/oro/2.0.8/oro-2.0.8.jar:/Users/artur/.m2/repository/net/razorvine/pyrolite/4.30/pyrolite-4.30.jar:/Users/artur/.m2/repository/net/sf/py4j/py4j/0.10.9.2/py4j-0.10.9.2.jar:/Users/artur/.m2/repository/org/apache/spark/spark-tags_2.13/3.2.0/spark-tags_2.13-3.2.0.jar:/Users/artur/.m2/repository/org/apache/commons/commons-crypto/1.1.0/commons-crypto-1.1.0.jar:/Users/artur/.m2/repository/org/spark-project/spark/unused/1.0.0/unused-1.0.0.jar:/Users/artur/.m2/repository/org/apache/spark/spark-sql_2.13/3.2.0/spark-sql_2.13-3.2.0.jar:/Users/artur/.m2/repository/org/rocksdb/rocksdbjni/6.20.3/rocksdbjni-6.20.3.jar:/Users/artur/.m2/repository/com/univocity/univocity-parsers/2.9.1/univocity-parsers-2.9.1.jar:/Users/artur/.m2/repository/org/apache/spark/spark-sketch_2.13/3.2.0/spark-sketch_2.13-3.2.0.jar:/Users/artur/.m2/repository/org/apache/spark/spark-catalyst_2.13/3.2.0/spark-catalyst_2.13-3.2.0.jar:/Users/artur/.m2/repository/org/scala-lang/modules/scala-parser-combinators_2.13/1.1.2/scala-parser-combinators_2.13-1.1.2.jar:/Users/artur/.m2/repository/org/codehaus/janino/janino/3.0.16/janino-3.0.16.jar:/Users/artur/.m2/repository/org/codehaus/janino/commons-compiler/3.0.16/commons-compiler-3.0.16.jar:/Users/artur/.m2/repository/org/antlr/antlr4-runtime/4.8/antlr4-runtime-4.8.jar:/Users/artur/.m2/repository/javax/xml/bind/jaxb-api/2.2.11/jaxb-api-2.2.11.jar:/Users/artur/.m2/repository/org/apache/arrow/arrow-vector/2.0.0/arrow-vector-2.0.0.jar:/Users/artur/.m2/repository/org/apache/arrow/arrow-format/2.0.0/arrow-format-2.0.0.jar:/Users/artur/.m2/repository/org/apache/arrow/arrow-memory-core/2.0.0/arrow-memory-core-2.0.0.jar:/Users/artur/.m2/repository/com/google/flatbuffers/flatbuffers-java/1.9.0/flatbuffers-java-1.9.0.jar:/Users/artur/.m2/repository/org/apache/arrow/arrow-memory-netty/2.0.0/arrow-memory-netty-2.0.0.jar:/Users/artur/.m2/repository/org/apache/orc/orc-core/1.6.11/orc-core-1.6.11.jar:/Users/artur/.m2/repository/org/apache/orc/orc-shims/1.6.11/orc-shims-1.6.11.jar:/Users/artur/.m2/repository/com/google/protobuf/protobuf-java/2.5.0/protobuf-java-2.5.0.jar:/Users/artur/.m2/repository/io/airlift/aircompressor/0.21/aircompressor-0.21.jar:/Users/artur/.m2/repository/org/threeten/threeten-extra/1.5.0/threeten-extra-1.5.0.jar:/Users/artur/.m2/repository/org/apache/orc/orc-mapreduce/1.6.11/orc-mapreduce-1.6.11.jar:/Users/artur/.m2/repository/org/apache/hive/hive-storage-api/2.7.2/hive-storage-api-2.7.2.jar:/Users/artur/.m2/repository/org/apache/parquet/parquet-column/1.12.1/parquet-column-1.12.1.jar:/Users/artur/.m2/repository/org/apache/parquet/parquet-common/1.12.1/parquet-common-1.12.1.jar:/Users/artur/.m2/repository/org/apache/parquet/parquet-encoding/1.12.1/parquet-encoding-1.12.1.jar:/Users/artur/.m2/repository/org/apache/parquet/parquet-hadoop/1.12.1/parquet-hadoop-1.12.1.jar:/Users/artur/.m2/repository/org/apache/parquet/parquet-format-structures/1.12.1/parquet-format-structures-1.12.1.jar:/Users/artur/.m2/repository/org/apache/parquet/parquet-jackson/1.12.1/parquet-jackson-1.12.1.jar:/Users/artur/.m2/repository/org/apache/hadoop/hadoop-client/3.3.1/hadoop-client-3.3.1.jar:/Users/artur/.m2/repository/org/apache/hadoop/hadoop-common/3.3.1/hadoop-common-3.3.1.jar:/Users/artur/.m2/repository/org/apache/hadoop/thirdparty/hadoop-shaded-protobuf_3_7/1.1.1/hadoop-shaded-protobuf_3_7-1.1.1.jar:/Users/artur/.m2/repository/commons-cli/commons-cli/1.2/commons-cli-1.2.jar:/Users/artur/.m2/repository/jakarta/activation/jakarta.activation-api/1.2.1/jakarta.activation-api-1.2.1.jar:/Users/artur/.m2/repository/org/eclipse/jetty/jetty-servlet/9.4.40.v20210413/jetty-servlet-9.4.40.v20210413.jar:/Users/artur/.m2/repository/org/eclipse/jetty/jetty-security/9.4.40.v20210413/jetty-security-9.4.40.v20210413.jar:/Users/artur/.m2/repository/org/eclipse/jetty/jetty-webapp/9.4.40.v20210413/jetty-webapp-9.4.40.v20210413.jar:/Users/artur/.m2/repository/org/eclipse/jetty/jetty-xml/9.4.40.v20210413/jetty-xml-9.4.40.v20210413.jar:/Users/artur/.m2/repository/javax/servlet/jsp/jsp-api/2.1/jsp-api-2.1.jar:/Users/artur/.m2/repository/com/sun/jersey/jersey-servlet/1.19/jersey-servlet-1.19.jar:/Users/artur/.m2/repository/commons-beanutils/commons-beanutils/1.9.4/commons-beanutils-1.9.4.jar:/Users/artur/.m2/repository/org/apache/commons/commons-configuration2/2.1.1/commons-configuration2-2.1.1.jar:/Users/artur/.m2/repository/com/google/re2j/re2j/1.1/re2j-1.1.jar:/Users/artur/.m2/repository/com/google/code/gson/gson/2.2.4/gson-2.2.4.jar:/Users/artur/.m2/repository/org/apache/hadoop/hadoop-auth/3.3.1/hadoop-auth-3.3.1.jar:/Users/artur/.m2/repository/com/nimbusds/nimbus-jose-jwt/9.8.1/nimbus-jose-jwt-9.8.1.jar:/Users/artur/.m2/repository/com/github/stephenc/jcip/jcip-annotations/1.0-1/jcip-annotations-1.0-1.jar:/Users/artur/.m2/repository/net/minidev/json-smart/2.4.2/json-smart-2.4.2.jar:/Users/artur/.m2/repository/net/minidev/accessors-smart/2.4.2/accessors-smart-2.4.2.jar:/Users/artur/.m2/repository/org/ow2/asm/asm/8.0.1/asm-8.0.1.jar:/Users/artur/.m2/repository/org/apache/kerby/kerb-simplekdc/1.0.1/kerb-simplekdc-1.0.1.jar:/Users/artur/.m2/repository/org/apache/kerby/kerb-client/1.0.1/kerb-client-1.0.1.jar:/Users/artur/.m2/repository/org/apache/kerby/kerby-config/1.0.1/kerby-config-1.0.1.jar:/Users/artur/.m2/repository/org/apache/kerby/kerb-common/1.0.1/kerb-common-1.0.1.jar:/Users/artur/.m2/repository/org/apache/kerby/kerb-crypto/1.0.1/kerb-crypto-1.0.1.jar:/Users/artur/.m2/repository/org/apache/kerby/kerb-util/1.0.1/kerb-util-1.0.1.jar:/Users/artur/.m2/repository/org/apache/kerby/token-provider/1.0.1/token-provider-1.0.1.jar:/Users/artur/.m2/repository/org/apache/kerby/kerb-admin/1.0.1/kerb-admin-1.0.1.jar:/Users/artur/.m2/repository/org/apache/kerby/kerb-server/1.0.1/kerb-server-1.0.1.jar:/Users/artur/.m2/repository/org/apache/kerby/kerb-identity/1.0.1/kerb-identity-1.0.1.jar:/Users/artur/.m2/repository/org/apache/kerby/kerby-xdr/1.0.1/kerby-xdr-1.0.1.jar:/Users/artur/.m2/repository/org/apache/curator/curator-client/4.2.0/curator-client-4.2.0.jar:/Users/artur/.m2/repository/org/apache/kerby/kerb-core/1.0.1/kerb-core-1.0.1.jar:/Users/artur/.m2/repository/org/apache/kerby/kerby-pkix/1.0.1/kerby-pkix-1.0.1.jar:/Users/artur/.m2/repository/org/apache/kerby/kerby-asn1/1.0.1/kerby-asn1-1.0.1.jar:/Users/artur/.m2/repository/org/apache/kerby/kerby-util/1.0.1/kerby-util-1.0.1.jar:/Users/artur/.m2/repository/org/codehaus/woodstox/stax2-api/4.2.1/stax2-api-4.2.1.jar:/Users/artur/.m2/repository/com/fasterxml/woodstox/woodstox-core/5.3.0/woodstox-core-5.3.0.jar:/Users/artur/.m2/repository/dnsjava/dnsjava/2.1.7/dnsjava-2.1.7.jar:/Users/artur/.m2/repository/org/apache/hadoop/hadoop-hdfs-client/3.3.1/hadoop-hdfs-client-3.3.1.jar:/Users/artur/.m2/repository/com/squareup/okhttp/okhttp/2.7.5/okhttp-2.7.5.jar:/Users/artur/.m2/repository/com/squareup/okio/okio/1.6.0/okio-1.6.0.jar:/Users/artur/.m2/repository/org/apache/hadoop/hadoop-yarn-api/3.3.1/hadoop-yarn-api-3.3.1.jar:/Users/artur/.m2/repository/org/apache/hadoop/hadoop-yarn-client/3.3.1/hadoop-yarn-client-3.3.1.jar:/Users/artur/.m2/repository/org/eclipse/jetty/websocket/websocket-client/9.4.40.v20210413/websocket-client-9.4.40.v20210413.jar:/Users/artur/.m2/repository/org/eclipse/jetty/jetty-client/9.4.40.v20210413/jetty-client-9.4.40.v20210413.jar:/Users/artur/.m2/repository/org/eclipse/jetty/jetty-http/9.4.40.v20210413/jetty-http-9.4.40.v20210413.jar:/Users/artur/.m2/repository/org/eclipse/jetty/jetty-io/9.4.40.v20210413/jetty-io-9.4.40.v20210413.jar:/Users/artur/.m2/repository/org/eclipse/jetty/websocket/websocket-common/9.4.40.v20210413/websocket-common-9.4.40.v20210413.jar:/Users/artur/.m2/repository/org/eclipse/jetty/websocket/websocket-api/9.4.40.v20210413/websocket-api-9.4.40.v20210413.jar:/Users/artur/.m2/repository/org/jline/jline/3.9.0/jline-3.9.0.jar:/Users/artur/.m2/repository/org/apache/hadoop/hadoop-mapreduce-client-core/3.3.1/hadoop-mapreduce-client-core-3.3.1.jar:/Users/artur/.m2/repository/org/apache/hadoop/hadoop-yarn-common/3.3.1/hadoop-yarn-common-3.3.1.jar:/Users/artur/.m2/repository/javax/servlet/javax.servlet-api/3.1.0/javax.servlet-api-3.1.0.jar:/Users/artur/.m2/repository/com/sun/jersey/jersey-core/1.19/jersey-core-1.19.jar:/Users/artur/.m2/repository/javax/ws/rs/jsr311-api/1.1.1/jsr311-api-1.1.1.jar:/Users/artur/.m2/repository/com/sun/jersey/jersey-client/1.19/jersey-client-1.19.jar:/Users/artur/.m2/repository/com/fasterxml/jackson/module/jackson-module-jaxb-annotations/2.10.5/jackson-module-jaxb-annotations-2.10.5.jar:/Users/artur/.m2/repository/jakarta/xml/bind/jakarta.xml.bind-api/2.3.2/jakarta.xml.bind-api-2.3.2.jar:/Users/artur/.m2/repository/com/fasterxml/jackson/jaxrs/jackson-jaxrs-json-provider/2.10.5/jackson-jaxrs-json-provider-2.10.5.jar:/Users/artur/.m2/repository/com/fasterxml/jackson/jaxrs/jackson-jaxrs-base/2.10.5/jackson-jaxrs-base-2.10.5.jar:/Users/artur/.m2/repository/org/apache/hadoop/hadoop-mapreduce-client-jobclient/3.3.1/hadoop-mapreduce-client-jobclient-3.3.1.jar:/Users/artur/.m2/repository/org/apache/hadoop/hadoop-mapreduce-client-common/3.3.1/hadoop-mapreduce-client-common-3.3.1.jar:/Users/artur/.m2/repository/org/apache/hadoop/hadoop-annotations/3.3.1/hadoop-annotations-3.3.1.jar:/Users/artur/.m2/repository/com/fasterxml/jackson/core/jackson-databind/2.10.0/jackson-databind-2.10.0.jar:/Users/artur/.m2/repository/com/fasterxml/jackson/core/jackson-annotations/2.10.0/jackson-annotations-2.10.0.jar:/Users/artur/.m2/repository/com/fasterxml/jackson/core/jackson-core/2.10.0/jackson-core-2.10.0.jar:/Users/artur/.m2/repository/com/microsoft/azure/azure-data-lake-store-sdk/2.3.6/azure-data-lake-store-sdk-2.3.6.jar:/Users/artur/.m2/repository/org/wildfly/openssl/wildfly-openssl/1.0.7.Final/wildfly-openssl-1.0.7.Final.jar:/Users/artur/.m2/repository/com/microsoft/azure/azure-keyvault-core/1.0.0/azure-keyvault-core-1.0.0.jar:/Users/artur/.m2/repository/com/google/guava/guava/20.0/guava-20.0.jar:/Users/artur/.m2/repository/com/microsoft/azure/azure-storage/7.0.0/azure-storage-7.0.0.jar:/Users/artur/.m2/repository/org/apache/hadoop/hadoop-azure/3.3.1/hadoop-azure-3.3.1.jar:/Users/artur/.m2/repository/org/apache/httpcomponents/httpclient/4.5.13/httpclient-4.5.13.jar:/Users/artur/.m2/repository/org/apache/httpcomponents/httpcore/4.4.13/httpcore-4.4.13.jar:/Users/artur/.m2/repository/org/apache/hadoop/thirdparty/hadoop-shaded-guava/1.1.1/hadoop-shaded-guava-1.1.1.jar:/Users/artur/.m2/repository/org/eclipse/jetty/jetty-util-ajax/9.4.40.v20210413/jetty-util-ajax-9.4.40.v20210413.jar:/Users/artur/.m2/repository/org/eclipse/jetty/jetty-util/9.4.40.v20210413/jetty-util-9.4.40.v20210413.jar:/Users/artur/.m2/repository/org/codehaus/jackson/jackson-mapper-asl/1.9.13/jackson-mapper-asl-1.9.13.jar:/Users/artur/.m2/repository/org/codehaus/jackson/jackson-core-asl/1.9.13/jackson-core-asl-1.9.13.jar:/Users/artur/.m2/repository/org/apache/hadoop/hadoop-azure-datalake/3.3.1/hadoop-azure-datalake-3.3.1.jar:/Users/artur/.m2/repository/ch/hsr/geohash/1.4.0/geohash-1.4.0.jar:/Users/artur/.m2/repository/org/scalatest/scalatest_2.13/3.2.6/scalatest_2.13-3.2.6.jar:/Users/artur/.m2/repository/org/scalatest/scalatest-core_2.13/3.2.6/scalatest-core_2.13-3.2.6.jar:/Users/artur/.m2/repository/org/scalatest/scalatest-compatible/3.2.6/scalatest-compatible-3.2.6.jar:/Users/artur/.m2/repository/org/scalactic/scalactic_2.13/3.2.6/scalactic_2.13-3.2.6.jar:/Users/artur/.m2/repository/org/scalatest/scalatest-featurespec_2.13/3.2.6/scalatest-featurespec_2.13-3.2.6.jar:/Users/artur/.m2/repository/org/scalatest/scalatest-flatspec_2.13/3.2.6/scalatest-flatspec_2.13-3.2.6.jar:/Users/artur/.m2/repository/org/scalatest/scalatest-freespec_2.13/3.2.6/scalatest-freespec_2.13-3.2.6.jar:/Users/artur/.m2/repository/org/scalatest/scalatest-funsuite_2.13/3.2.6/scalatest-funsuite_2.13-3.2.6.jar:/Users/artur/.m2/repository/org/scalatest/scalatest-funspec_2.13/3.2.6/scalatest-funspec_2.13-3.2.6.jar:/Users/artur/.m2/repository/org/scalatest/scalatest-propspec_2.13/3.2.6/scalatest-propspec_2.13-3.2.6.jar:/Users/artur/.m2/repository/org/scalatest/scalatest-refspec_2.13/3.2.6/scalatest-refspec_2.13-3.2.6.jar:/Users/artur/.m2/repository/org/scalatest/scalatest-wordspec_2.13/3.2.6/scalatest-wordspec_2.13-3.2.6.jar:/Users/artur/.m2/repository/org/scalatest/scalatest-diagrams_2.13/3.2.6/scalatest-diagrams_2.13-3.2.6.jar:/Users/artur/.m2/repository/org/scalatest/scalatest-matchers-core_2.13/3.2.6/scalatest-matchers-core_2.13-3.2.6.jar:/Users/artur/.m2/repository/org/scalatest/scalatest-shouldmatchers_2.13/3.2.6/scalatest-shouldmatchers_2.13-3.2.6.jar:/Users/artur/.m2/repository/org/scalatest/scalatest-mustmatchers_2.13/3.2.6/scalatest-mustmatchers_2.13-3.2.6.jar:/Users/artur/.m2/repository/org/junit/jupiter/junit-jupiter/5.7.1/junit-jupiter-5.7.1.jar:/Users/artur/.m2/repository/org/junit/jupiter/junit-jupiter-api/5.7.1/junit-jupiter-api-5.7.1.jar:/Users/artur/.m2/repository/org/apiguardian/apiguardian-api/1.1.0/apiguardian-api-1.1.0.jar:/Users/artur/.m2/repository/org/opentest4j/opentest4j/1.2.0/opentest4j-1.2.0.jar:/Users/artur/.m2/repository/org/junit/platform/junit-platform-commons/1.7.1/junit-platform-commons-1.7.1.jar:/Users/artur/.m2/repository/org/junit/jupiter/junit-jupiter-params/5.7.1/junit-jupiter-params-5.7.1.jar:/Users/artur/.m2/repository/org/junit/jupiter/junit-jupiter-engine/5.7.1/junit-jupiter-engine-5.7.1.jar:/Users/artur/.m2/repository/org/junit/platform/junit-platform-engine/1.7.1/junit-platform-engine-1.7.1.jar:/Users/artur/.m2/repository/org/mockito/mockito-core/3.8.0/mockito-core-3.8.0.jar:/Users/artur/.m2/repository/net/bytebuddy/byte-buddy/1.10.20/byte-buddy-1.10.20.jar:/Users/artur/.m2/repository/net/bytebuddy/byte-buddy-agent/1.10.20/byte-buddy-agent-1.10.20.jar:/Users/artur/.m2/repository/org/objenesis/objenesis/3.1/objenesis-3.1.jar">
</property>
    <property name="java.vm.specification.version" value="15"/>
    <property name="sun.arch.data.model" value="64"/>
    <property 
    name="sun.java.command" value="org.scalatest.tools.Runner -R /Users/artur/IdeaProjects/m06_sparkbasics_jvm_azure/target/classes /Users/artur/IdeaProjects/m06_sparkbasics_jvm_azure/target/test-classes -o -f /Users/artur/IdeaProjects/m06_sparkbasics_jvm_azure/target/surefire-reports/bdcc-data-etl-test-suite.txt -u /Users/artur/IdeaProjects/m06_sparkbasics_jvm_azure/target/surefire-reports/.">
</property>
    <property 
    name="java.home" value="/Users/artur/Library/Java/JavaVirtualMachines/corretto-15.0.2/Contents/Home">
</property>
    <property name="user.language" value="en"/>
    <property name="java.specification.vendor" value="Oracle Corporation"/>
    <property name="java.vm.info" value="mixed mode, sharing"/>
    <property name="java.version" value="15.0.2"/>
    <property name="java.vendor" value="Amazon.com Inc."/>
    <property name="file.separator" value="/"/>
    <property name="java.version.date" value="2021-01-19"/>
    <property 
    name="java.vendor.url.bug" value="https://github.com/corretto/corretto-jdk/issues/">
</property>
    <property name="sun.io.unicode.encoding" value="UnicodeBig"/>
    <property name="sun.cpu.endian" value="little"/>
    <property name="java.vendor.version" value="Corretto-15.0.2.7.1"/>
  </properties>
  <system-out><![CDATA[]]></system-out>
  <system-err><![CDATA[]]></system-err>
</testsuite>
